<?xml version="1.0" encoding="UTF-8"?>
<!-- Generated by org.testng.reporters.JUnitXMLReporter -->
<testsuite ignored="2" hostname="DESKTOP-TP49BR2" failures="0" tests="3" name="Run_Only_DataDriven_Smoke_Test" time="0.108" errors="0" timestamp="2025-12-28T18:44:03 IST">
  <testcase classname="assignment.SmokeTests" name="smokeLoginDataDriven" time="0.034"/>
  <testcase classname="assignment.SmokeTests" name="smokeLoginDataDriven" time="0.033"/>
  <testcase classname="assignment.SmokeTests" name="smokeLoginDataDriven" time="0.033"/>
  <testcase classname="assignment.SmokeTests" name="smokeHomePageLoads" time="0.0">
    <ignored/>
  </testcase> <!-- smokeHomePageLoads -->
  <testcase classname="assignment.SmokeTests" name="smokeLogout" time="0.0">
    <ignored/>
  </testcase> <!-- smokeLogout -->
</testsuite> <!-- Run_Only_DataDriven_Smoke_Test -->
