<?xml version="1.0" encoding="UTF-8"?>
<testng-results ignored="0" total="3" passed="3" failed="0" skipped="0">
  <reporter-output>
  </reporter-output>
  <suite started-at="2025-12-28T18:44:03 IST" name="SmokeOnly_DataDriven_Parallel" finished-at="2025-12-28T18:44:03 IST" duration-ms="108">
    <groups>
      <group name="smoke">
        <method signature="SmokeTests.smokeLoginDataDriven(java.lang.String,java.lang.String)[pri:0, instance:assignment.SmokeTests@6c64cb25]" name="smokeLoginDataDriven" class="assignment.SmokeTests"/>
      </group> <!-- smoke -->
    </groups>
    <test started-at="2025-12-28T18:44:03 IST" name="Run_Only_DataDriven_Smoke_Test" finished-at="2025-12-28T18:44:03 IST" duration-ms="108">
      <class name="assignment.SmokeTests">
        <test-method signature="smokeLoginDataDriven(java.lang.String,java.lang.String)[pri:0, instance:assignment.SmokeTests@6c64cb25]" started-at="2025-12-28T18:44:03 IST" name="smokeLoginDataDriven" data-provider="smokeData" finished-at="2025-12-28T18:44:03 IST" duration-ms="33" status="PASS">
          <params>
            <param index="0">
              <value>
                <![CDATA[admin]]>
              </value>
            </param>
            <param index="1">
              <value>
                <![CDATA[admin123]]>
              </value>
            </param>
          </params>
          <reporter-output>
          </reporter-output>
        </test-method> <!-- smokeLoginDataDriven -->
        <test-method signature="smokeLoginDataDriven(java.lang.String,java.lang.String)[pri:0, instance:assignment.SmokeTests@6c64cb25]" started-at="2025-12-28T18:44:03 IST" name="smokeLoginDataDriven" data-provider="smokeData" finished-at="2025-12-28T18:44:03 IST" duration-ms="33" status="PASS">
          <params>
            <param index="0">
              <value>
                <![CDATA[user2]]>
              </value>
            </param>
            <param index="1">
              <value>
                <![CDATA[pass2]]>
              </value>
            </param>
          </params>
          <reporter-output>
          </reporter-output>
        </test-method> <!-- smokeLoginDataDriven -->
        <test-method signature="smokeLoginDataDriven(java.lang.String,java.lang.String)[pri:0, instance:assignment.SmokeTests@6c64cb25]" started-at="2025-12-28T18:44:03 IST" name="smokeLoginDataDriven" data-provider="smokeData" finished-at="2025-12-28T18:44:03 IST" duration-ms="34" status="PASS">
          <params>
            <param index="0">
              <value>
                <![CDATA[user1]]>
              </value>
            </param>
            <param index="1">
              <value>
                <![CDATA[pass1]]>
              </value>
            </param>
          </params>
          <reporter-output>
          </reporter-output>
        </test-method> <!-- smokeLoginDataDriven -->
      </class> <!-- assignment.SmokeTests -->
    </test> <!-- Run_Only_DataDriven_Smoke_Test -->
  </suite> <!-- SmokeOnly_DataDriven_Parallel -->
</testng-results>
