<?xml version="1.0" encoding="UTF-8"?>
<!-- Generated by org.testng.reporters.JUnitReportReporter -->
<testsuite hostname="DESKTOP-TP49BR2" failures="0" tests="3" name="assignment.SmokeTests" time="0.100" errors="0" timestamp="2025-12-28T18:44:03 IST" skipped="0">
  <testcase classname="assignment.SmokeTests" name="smokeLoginDataDriven" time="0.033"/>
  <testcase classname="assignment.SmokeTests" name="smokeLoginDataDriven" time="0.033"/>
  <testcase classname="assignment.SmokeTests" name="smokeLoginDataDriven" time="0.034"/>
</testsuite> <!-- assignment.SmokeTests -->
